2021-01-11 11:55:09,641 [main] ERROR (DatabaseImpl.java [getRemoteCollection]:254) - Failed to read server's response: Connection refused: connect 
org.xmldb.api.base.XMLDBException: Failed to read server's response: Connection refused: connect
	at org.exist.xmldb.RemoteCollection.instance(RemoteCollection.java:109) ~[exist-core-5.0.0.jar:5.0.0]
	at org.exist.xmldb.RemoteCollection.instance(RemoteCollection.java:85) ~[exist-core-5.0.0.jar:5.0.0]
	at org.exist.xmldb.DatabaseImpl.readCollection(DatabaseImpl.java:278) ~[exist-core-5.0.0.jar:5.0.0]
	at org.exist.xmldb.DatabaseImpl.getRemoteCollection(DatabaseImpl.java:240) [exist-core-5.0.0.jar:5.0.0]
	at org.exist.xmldb.DatabaseImpl.getCollection(DatabaseImpl.java:180) [exist-core-5.0.0.jar:5.0.0]
	at org.exist.xmldb.DatabaseImpl.getCollection(DatabaseImpl.java:169) [exist-core-5.0.0.jar:5.0.0]
	at org.xmldb.api.DatabaseManager.getCollection(DatabaseManager.java:235) [xmldb-api-1.7.0.jar:1.7.0]
	at ZalbaNaOdluku.Main.getOrCreateCollection(Main.java:112) [classes/:?]
	at ZalbaNaOdluku.Main.getOrCreateCollection(Main.java:107) [classes/:?]
	at ZalbaNaOdluku.Main.run(Main.java:55) [classes/:?]
	at ZalbaNaOdluku.Main.main(Main.java:30) [classes/:?]
Caused by: org.apache.xmlrpc.XmlRpcException: Failed to read server's response: Connection refused: connect
	at org.apache.xmlrpc.client.XmlRpcStreamTransport.sendRequest(XmlRpcStreamTransport.java:161) ~[xmlrpc-client-3.1.3.jar:3.1.3]
	at org.apache.xmlrpc.client.XmlRpcHttpTransport.sendRequest(XmlRpcHttpTransport.java:143) ~[xmlrpc-client-3.1.3.jar:3.1.3]
	at org.apache.xmlrpc.client.XmlRpcSunHttpTransport.sendRequest(XmlRpcSunHttpTransport.java:69) ~[xmlrpc-client-3.1.3.jar:3.1.3]
	at org.apache.xmlrpc.client.XmlRpcClientWorker.execute(XmlRpcClientWorker.java:56) ~[xmlrpc-client-3.1.3.jar:3.1.3]
	at org.apache.xmlrpc.client.XmlRpcClient.execute(XmlRpcClient.java:167) ~[xmlrpc-client-3.1.3.jar:3.1.3]
	at org.apache.xmlrpc.client.XmlRpcClient.execute(XmlRpcClient.java:158) ~[xmlrpc-client-3.1.3.jar:3.1.3]
	at org.apache.xmlrpc.client.XmlRpcClient.execute(XmlRpcClient.java:147) ~[xmlrpc-client-3.1.3.jar:3.1.3]
	at org.exist.xmldb.RemoteCollection.instance(RemoteCollection.java:97) ~[exist-core-5.0.0.jar:5.0.0]
	... 10 more
Caused by: java.net.ConnectException: Connection refused: connect
	at sun.nio.ch.Net.connect0(Native Method) ~[?:?]
	at sun.nio.ch.Net.connect(Net.java:503) ~[?:?]
	at sun.nio.ch.Net.connect(Net.java:492) ~[?:?]
	at sun.nio.ch.NioSocketImpl.connect(NioSocketImpl.java:588) ~[?:?]
	at java.net.Socket.connect(Socket.java:648) ~[?:?]
	at java.net.Socket.connect(Socket.java:597) ~[?:?]
	at sun.net.NetworkClient.doConnect(NetworkClient.java:182) ~[?:?]
	at sun.net.www.http.HttpClient.openServer(HttpClient.java:474) ~[?:?]
	at sun.net.www.http.HttpClient.openServer(HttpClient.java:569) ~[?:?]
	at sun.net.www.http.HttpClient.<init>(HttpClient.java:242) ~[?:?]
	at sun.net.www.http.HttpClient.New(HttpClient.java:341) ~[?:?]
	at sun.net.www.http.HttpClient.New(HttpClient.java:362) ~[?:?]
	at sun.net.www.protocol.http.HttpURLConnection.getNewHttpClient(HttpURLConnection.java:1256) ~[?:?]
	at sun.net.www.protocol.http.HttpURLConnection.plainConnect0(HttpURLConnection.java:1194) ~[?:?]
	at sun.net.www.protocol.http.HttpURLConnection.plainConnect(HttpURLConnection.java:1082) ~[?:?]
	at sun.net.www.protocol.http.HttpURLConnection.connect(HttpURLConnection.java:1016) ~[?:?]
	at sun.net.www.protocol.http.HttpURLConnection.getOutputStream0(HttpURLConnection.java:1370) ~[?:?]
	at sun.net.www.protocol.http.HttpURLConnection.getOutputStream(HttpURLConnection.java:1345) ~[?:?]
	at org.apache.xmlrpc.client.XmlRpcSunHttpTransport.writeRequest(XmlRpcSunHttpTransport.java:104) ~[xmlrpc-client-3.1.3.jar:3.1.3]
	at org.apache.xmlrpc.client.XmlRpcStreamTransport.sendRequest(XmlRpcStreamTransport.java:151) ~[xmlrpc-client-3.1.3.jar:3.1.3]
	at org.apache.xmlrpc.client.XmlRpcHttpTransport.sendRequest(XmlRpcHttpTransport.java:143) ~[xmlrpc-client-3.1.3.jar:3.1.3]
	at org.apache.xmlrpc.client.XmlRpcSunHttpTransport.sendRequest(XmlRpcSunHttpTransport.java:69) ~[xmlrpc-client-3.1.3.jar:3.1.3]
	at org.apache.xmlrpc.client.XmlRpcClientWorker.execute(XmlRpcClientWorker.java:56) ~[xmlrpc-client-3.1.3.jar:3.1.3]
	at org.apache.xmlrpc.client.XmlRpcClient.execute(XmlRpcClient.java:167) ~[xmlrpc-client-3.1.3.jar:3.1.3]
	at org.apache.xmlrpc.client.XmlRpcClient.execute(XmlRpcClient.java:158) ~[xmlrpc-client-3.1.3.jar:3.1.3]
	at org.apache.xmlrpc.client.XmlRpcClient.execute(XmlRpcClient.java:147) ~[xmlrpc-client-3.1.3.jar:3.1.3]
	at org.exist.xmldb.RemoteCollection.instance(RemoteCollection.java:97) ~[exist-core-5.0.0.jar:5.0.0]
	... 10 more
